<?xml version="1.0" encoding="UTF-8"?>
<!-- Generated by org.testng.reporters.JUnitXMLReporter -->
<testsuite ignored="0" hostname="LAPTOP-GAUPM6CM" failures="0" tests="4" name="Default test" time="46.117" errors="0" timestamp="2024-03-23T20:27:51 IST">
  <testcase classname="testscripts.regression.ValidateLoginUsingDataProvider" name="validateLoginTest" time="0.714"/>
  <testcase classname="testscripts.regression.ValidateLoginUsingDataProvider" name="validateLoginTest" time="0.38"/>
  <testcase classname="testscripts.regression.ValidateLoginUsingDataProvider" name="validateLoginTest" time="0.407"/>
  <testcase classname="testscripts.regression.ValidateLoginUsingDataProvider" name="validateLoginTest" time="0.445"/>
</testsuite> <!-- Default test -->
