<?xml version="1.0" encoding="UTF-8"?>
<testng-results ignored="0" total="4" passed="4" failed="0" skipped="0">
  <reporter-output>
  </reporter-output>
  <suite started-at="2024-03-23T20:27:05 IST" name="Default suite" finished-at="2024-03-23T20:27:51 IST" duration-ms="46117">
    <groups>
    </groups>
    <test started-at="2024-03-23T20:27:05 IST" name="Default test" finished-at="2024-03-23T20:27:51 IST" duration-ms="46117">
      <class name="testscripts.regression.ValidateLoginUsingDataProvider">
        <test-method is-config="true" signature="fileSetUp()[pri:0, instance:testscripts.regression.ValidateLoginUsingDataProvider@5890e879]" started-at="2024-03-23T20:27:05 IST" name="fileSetUp" finished-at="2024-03-23T20:27:05 IST" duration-ms="16" status="PASS">
          <reporter-output>
          </reporter-output>
        </test-method> <!-- fileSetUp -->
        <test-method is-config="true" signature="setup()[pri:0, instance:testscripts.regression.ValidateLoginUsingDataProvider@5890e879]" started-at="2024-03-23T20:27:05 IST" name="setup" finished-at="2024-03-23T20:27:12 IST" duration-ms="7345" status="PASS">
          <reporter-output>
          </reporter-output>
        </test-method> <!-- setup -->
        <test-method signature="validateLoginTest(java.lang.String,java.lang.String,java.lang.String)[pri:0, instance:testscripts.regression.ValidateLoginUsingDataProvider@5890e879]" started-at="2024-03-23T20:27:12 IST" name="validateLoginTest" data-provider="getData" finished-at="2024-03-23T20:27:13 IST" duration-ms="714" status="PASS">
          <params>
            <param index="0">
              <value>
                <![CDATA[reyaz0806]]>
              </value>
            </param>
            <param index="1">
              <value>
                <![CDATA[reyaz123]]>
              </value>
            </param>
            <param index="2">
              <value>
                <![CDATA[Adactin.com - Search Hotel]]>
              </value>
            </param>
          </params>
          <reporter-output>
          </reporter-output>
        </test-method> <!-- validateLoginTest -->
        <test-method is-config="true" signature="teardown()[pri:0, instance:testscripts.regression.ValidateLoginUsingDataProvider@5890e879]" started-at="2024-03-23T20:27:13 IST" name="teardown" finished-at="2024-03-23T20:27:17 IST" duration-ms="4135" status="PASS">
          <reporter-output>
          </reporter-output>
        </test-method> <!-- teardown -->
        <test-method is-config="true" signature="setup()[pri:0, instance:testscripts.regression.ValidateLoginUsingDataProvider@5890e879]" started-at="2024-03-23T20:27:17 IST" name="setup" finished-at="2024-03-23T20:27:24 IST" duration-ms="7093" status="PASS">
          <reporter-output>
          </reporter-output>
        </test-method> <!-- setup -->
        <test-method signature="validateLoginTest(java.lang.String,java.lang.String,java.lang.String)[pri:0, instance:testscripts.regression.ValidateLoginUsingDataProvider@5890e879]" started-at="2024-03-23T20:27:24 IST" name="validateLoginTest" data-provider="getData" finished-at="2024-03-23T20:27:24 IST" duration-ms="380" status="PASS">
          <params>
            <param index="0">
              <value>
                <![CDATA[reyaz0806]]>
              </value>
            </param>
            <param index="1">
              <value>
                <![CDATA[reyaz456]]>
              </value>
            </param>
            <param index="2">
              <value>
                <![CDATA[Adactin.com - Hotel Reservation System]]>
              </value>
            </param>
          </params>
          <reporter-output>
          </reporter-output>
        </test-method> <!-- validateLoginTest -->
        <test-method is-config="true" signature="teardown()[pri:0, instance:testscripts.regression.ValidateLoginUsingDataProvider@5890e879]" started-at="2024-03-23T20:27:24 IST" name="teardown" finished-at="2024-03-23T20:27:28 IST" duration-ms="4096" status="PASS">
          <reporter-output>
          </reporter-output>
        </test-method> <!-- teardown -->
        <test-method is-config="true" signature="setup()[pri:0, instance:testscripts.regression.ValidateLoginUsingDataProvider@5890e879]" started-at="2024-03-23T20:27:28 IST" name="setup" finished-at="2024-03-23T20:27:34 IST" duration-ms="5875" status="PASS">
          <reporter-output>
          </reporter-output>
        </test-method> <!-- setup -->
        <test-method signature="validateLoginTest(java.lang.String,java.lang.String,java.lang.String)[pri:0, instance:testscripts.regression.ValidateLoginUsingDataProvider@5890e879]" started-at="2024-03-23T20:27:34 IST" name="validateLoginTest" data-provider="getData" finished-at="2024-03-23T20:27:35 IST" duration-ms="407" status="PASS">
          <params>
            <param index="0">
              <value>
                <![CDATA[reyaz1212]]>
              </value>
            </param>
            <param index="1">
              <value>
                <![CDATA[reyaz123]]>
              </value>
            </param>
            <param index="2">
              <value>
                <![CDATA[Adactin.com - Hotel Reservation System]]>
              </value>
            </param>
          </params>
          <reporter-output>
          </reporter-output>
        </test-method> <!-- validateLoginTest -->
        <test-method is-config="true" signature="teardown()[pri:0, instance:testscripts.regression.ValidateLoginUsingDataProvider@5890e879]" started-at="2024-03-23T20:27:35 IST" name="teardown" finished-at="2024-03-23T20:27:39 IST" duration-ms="4068" status="PASS">
          <reporter-output>
          </reporter-output>
        </test-method> <!-- teardown -->
        <test-method is-config="true" signature="setup()[pri:0, instance:testscripts.regression.ValidateLoginUsingDataProvider@5890e879]" started-at="2024-03-23T20:27:39 IST" name="setup" finished-at="2024-03-23T20:27:46 IST" duration-ms="7480" status="PASS">
          <reporter-output>
          </reporter-output>
        </test-method> <!-- setup -->
        <test-method signature="validateLoginTest(java.lang.String,java.lang.String,java.lang.String)[pri:0, instance:testscripts.regression.ValidateLoginUsingDataProvider@5890e879]" started-at="2024-03-23T20:27:46 IST" name="validateLoginTest" data-provider="getData" finished-at="2024-03-23T20:27:47 IST" duration-ms="445" status="PASS">
          <params>
            <param index="0">
              <value>
                <![CDATA[reyaz1212]]>
              </value>
            </param>
            <param index="1">
              <value>
                <![CDATA[reyaz456]]>
              </value>
            </param>
            <param index="2">
              <value>
                <![CDATA[Adactin.com - Hotel Reservation System]]>
              </value>
            </param>
          </params>
          <reporter-output>
          </reporter-output>
        </test-method> <!-- validateLoginTest -->
        <test-method is-config="true" signature="teardown()[pri:0, instance:testscripts.regression.ValidateLoginUsingDataProvider@5890e879]" started-at="2024-03-23T20:27:47 IST" name="teardown" finished-at="2024-03-23T20:27:51 IST" duration-ms="4009" status="PASS">
          <reporter-output>
          </reporter-output>
        </test-method> <!-- teardown -->
      </class> <!-- testscripts.regression.ValidateLoginUsingDataProvider -->
    </test> <!-- Default test -->
  </suite> <!-- Default suite -->
</testng-results>
