<?xml version="1.0" encoding="UTF-8"?>
<testng-results ignored="0" total="1" passed="1" failed="0" skipped="0">
  <reporter-output>
  </reporter-output>
  <suite started-at="2024-03-24T20:13:02 IST" name="Default suite" finished-at="2024-03-24T20:13:16 IST" duration-ms="13794">
    <groups>
    </groups>
    <test started-at="2024-03-24T20:13:02 IST" name="Default test" finished-at="2024-03-24T20:13:16 IST" duration-ms="13794">
      <class name="testscripts.regression.ValidateLoginUsingHybrid">
        <test-method is-config="true" signature="fileSetUp()[pri:0, instance:testscripts.regression.ValidateLoginUsingHybrid@2cb4893b]" started-at="2024-03-24T20:13:02 IST" name="fileSetUp" finished-at="2024-03-24T20:13:02 IST" duration-ms="21" status="PASS">
          <reporter-output>
          </reporter-output>
        </test-method> <!-- fileSetUp -->
        <test-method signature="validateLoginTest(java.util.HashMap)[pri:0, instance:testscripts.regression.ValidateLoginUsingHybrid@2cb4893b]" started-at="2024-03-24T20:13:03 IST" name="validateLoginTest" data-provider="getData" finished-at="2024-03-24T20:13:16 IST" duration-ms="12553" status="PASS">
          <params>
            <param index="0">
              <value>
                <![CDATA[{Expected Title=Adactin.com - Search Hotel, password=reyaz123, username=reyaz0806}]]>
              </value>
            </param>
          </params>
          <reporter-output>
          </reporter-output>
        </test-method> <!-- validateLoginTest -->
      </class> <!-- testscripts.regression.ValidateLoginUsingHybrid -->
    </test> <!-- Default test -->
  </suite> <!-- Default suite -->
</testng-results>
